
/home/runner/work/exp-viscous-circular-pipe-iitb/exp-viscous-circular-pipe-iitb/experiment/simulation/common_libraries/js/ts_components/collapse_step.js
   1:10  warning  'show_step' is defined but never used                 no-unused-vars
   2:5   warning  '$' is not defined                                    no-undef
   3:9   warning  '$' is not defined                                    no-undef
   6:10  warning  'hide_step' is defined but never used                 no-unused-vars
   7:5   warning  '$' is not defined                                    no-undef
   8:9   warning  '$' is not defined                                    no-undef
  11:10  warning  'get_collapse_btn_text' is defined but never used     no-unused-vars
  20:10  warning  'get_collapse_btn_element' is defined but never used  no-unused-vars
  29:10  warning  'hide_all_steps' is defined but never used            no-unused-vars
  31:9   warning  '$' is not defined                                    no-undef

/home/runner/work/exp-viscous-circular-pipe-iitb/exp-viscous-circular-pipe-iitb/experiment/simulation/common_libraries/js/ts_components/matrix.js
   27:26  warning  'MathJax' is not defined                                no-undef
   32:7   warning  'Matrix_Without_String' is defined but never used       no-unused-vars
   52:26  warning  'MathJax' is not defined                                no-undef
   56:10  warning  'get_matrix_html' is defined but never used             no-unused-vars
   87:13  warning  'row_html' is assigned a value but never used           no-unused-vars
   99:10  warning  'get_matrix_html_with_title' is defined but never used  no-unused-vars
  131:13  warning  'row_html' is assigned a value but never used           no-unused-vars
  143:10  warning  'convert_2d_to_1d_vector' is defined but never used     no-unused-vars
  156:10  warning  'convert_1d_to_2d_matrix' is defined but never used     no-unused-vars

/home/runner/work/exp-viscous-circular-pipe-iitb/exp-viscous-circular-pipe-iitb/experiment/simulation/common_libraries/js/ts_components/pannel.js
  8:7  warning  'Pannel' is defined but never used  no-unused-vars

/home/runner/work/exp-viscous-circular-pipe-iitb/exp-viscous-circular-pipe-iitb/experiment/simulation/common_libraries/js/ts_components/questions.js
   6:17  warning  'op1' is assigned a value but never used      no-unused-vars
   7:17  warning  'op2' is assigned a value but never used      no-unused-vars
   8:17  warning  'op3' is assigned a value but never used      no-unused-vars
   9:17  warning  'op4' is assigned a value but never used      no-unused-vars
  94:7   warning  'Question_Options' is defined but never used  no-unused-vars

/home/runner/work/exp-viscous-circular-pipe-iitb/exp-viscous-circular-pipe-iitb/experiment/simulation/common_libraries/js/ts_components/tables.js
   19:22  warning  'verify_values' is not defined                                     no-undef
  137:22  warning  'verify_values' is not defined                                     no-undef
  260:7   warning  'Verify_Rows_Cols_6_decimal_places' is defined but never used      no-unused-vars
  311:22  warning  'verify_values' is not defined                                     no-undef
  416:7   warning  'Verify_Rows_Cols_Custom_Fixed_Update1' is defined but never used  no-unused-vars
  468:7   warning  'Show_Table_Custom_Fixed' is defined but never used                no-unused-vars
  506:7   warning  'Verify_Rows_Cols_Strings' is defined but never used               no-unused-vars
  527:22  warning  'verify_values' is not defined                                     no-undef
  663:7   warning  'Display_Table' is defined but never used                          no-unused-vars

/home/runner/work/exp-viscous-circular-pipe-iitb/exp-viscous-circular-pipe-iitb/experiment/simulation/common_libraries/js/ts_math_library/general_math_functions.js
    1:10  warning  'verify_values' is defined but never used                   no-unused-vars
   17:10  warning  'random1' is defined but never used                         no-unused-vars
   21:10  warning  'std_deviation' is defined but never used                   no-unused-vars
   26:10  warning  'gauss' is defined but never used                           no-unused-vars
   56:10  warning  'hide_panel' is defined but never used                      no-unused-vars
   63:10  warning  'inverse_matrix' is defined but never used                  no-unused-vars
   96:10  warning  'matrix_multiplication' is defined but never used           no-unused-vars
  113:10  warning  'transpose_matrix' is defined but never used                no-unused-vars
  123:10  warning  'matrix_multiplication_8decimal' is defined but never used  no-unused-vars
  140:10  warning  'adjoint_2x2_matrix' is defined but never used              no-unused-vars
  145:10  warning  'find_deteminant' is defined but never used                 no-unused-vars
  174:10  warning  'get_Submatrix' is defined but never used                   no-unused-vars

/home/runner/work/exp-viscous-circular-pipe-iitb/exp-viscous-circular-pipe-iitb/experiment/simulation/common_libraries/js/ts_math_library/regression.js
   1:10  warning  'regression_linear' is defined but never used            no-unused-vars
  18:10  warning  'regression_linear_1variable' is defined but never used  no-unused-vars
  27:10  warning  'regression_linear_2variable' is defined but never used  no-unused-vars
  52:11  warning  'gauss' is not defined                                   no-undef

/home/runner/work/exp-viscous-circular-pipe-iitb/exp-viscous-circular-pipe-iitb/experiment/simulation/common_libraries/math.ob.js
  1:745  warning  'b' is already defined  no-redeclare

/home/runner/work/exp-viscous-circular-pipe-iitb/exp-viscous-circular-pipe-iitb/experiment/simulation/js/activity1.js
   15:9    warning  'MathJax' is not defined                        no-undef
   19:10   warning  'start_act1' is defined but never used          no-unused-vars
   24:20   warning  'get_collapse_btn_text' is not defined          no-undef
   35:132  warning  'D_a1' is not defined                           no-undef
   35:163  warning  'L_a1' is not defined                           no-undef
   39:81   warning  'M_a1' is not defined                           no-undef
   39:124  warning  't_a1' is not defined                           no-undef
   61:5    warning  'hide_all_steps' is not defined                 no-undef
   63:9    warning  'MathJax' is not defined                        no-undef
   66:9    warning  'show_step' is not defined                      no-undef
   71:5    warning  'D_a1' is not defined                           no-undef
   71:12   warning  'random1' is not defined                        no-undef
   72:5    warning  'L_a1' is not defined                           no-undef
   72:23   warning  'random' is not defined                         no-undef
   73:5    warning  'M_a1' is not defined                           no-undef
   73:12   warning  'random1' is not defined                        no-undef
   74:5    warning  't_a1' is not defined                           no-undef
   74:12   warning  'random1' is not defined                        no-undef
   75:5    warning  'D_a1' is not defined                           no-undef
   76:5    warning  'm_a1' is not defined                           no-undef
   76:12   warning  'M_a1' is not defined                           no-undef
   76:19   warning  't_a1' is not defined                           no-undef
   77:5    warning  'Q_a1' is not defined                           no-undef
   77:12   warning  'm_a1' is not defined                           no-undef
   77:19   warning  'rho' is not defined                            no-undef
   78:5    warning  'A_a1' is not defined                           no-undef
   78:37   warning  'D_a1' is not defined                           no-undef
   79:5    warning  'avg_u_a1' is not defined                       no-undef
   79:16   warning  'Q_a1' is not defined                           no-undef
   79:23   warning  'A_a1' is not defined                           no-undef
   80:5    warning  'Re_a1' is not defined                          no-undef
   80:14   warning  'rho' is not defined                            no-undef
   80:20   warning  'avg_u_a1' is not defined                       no-undef
   80:31   warning  'D_a1' is not defined                           no-undef
   80:39   warning  'mu_a1' is not defined                          no-undef
   81:5    warning  'P_diff_a1' is not defined                      no-undef
   81:23   warning  'mu_a1' is not defined                          no-undef
   81:31   warning  'avg_u_a1' is not defined                       no-undef
   81:42   warning  'L_a1' is not defined                           no-undef
   81:59   warning  'D_a1' is not defined                           no-undef
   82:22   warning  'D_a1' is not defined                           no-undef
   83:22   warning  'L_a1' is not defined                           no-undef
   84:22   warning  'M_a1' is not defined                           no-undef
   85:22   warning  't_a1' is not defined                           no-undef
   86:22   warning  'm_a1' is not defined                           no-undef
   87:22   warning  'Q_a1' is not defined                           no-undef
   88:22   warning  'A_a1' is not defined                           no-undef
   89:26   warning  'avg_u_a1' is not defined                       no-undef
   90:23   warning  'Re_a1' is not defined                          no-undef
   91:27   warning  'P_diff_a1' is not defined                      no-undef
   93:10   warning  'a1_verify_m' is defined but never used         no-unused-vars
   95:17   warning  'm_a1' is not defined                           no-undef
   96:10   warning  'verify_values' is not defined                  no-undef
   96:49   warning  'm_a1' is not defined                           no-undef
  110:52   warning  'm_a1' is not defined                           no-undef
  132:9    warning  'MathJax' is not defined                        no-undef
  135:10   warning  'act1_verify_Q' is defined but never used       no-unused-vars
  137:17   warning  'Q_a1' is not defined                           no-undef
  138:10   warning  'verify_values' is not defined                  no-undef
  138:49   warning  'Q_a1' is not defined                           no-undef
  152:56   warning  'Q_a1' is not defined                           no-undef
  174:9    warning  'MathJax' is not defined                        no-undef
  177:10   warning  'act1_verify_A' is defined but never used       no-unused-vars
  179:17   warning  'A_a1' is not defined                           no-undef
  180:10   warning  'verify_values' is not defined                  no-undef
  180:49   warning  'A_a1' is not defined                           no-undef
  194:51   warning  'A_a1' is not defined                           no-undef
  216:9    warning  'MathJax' is not defined                        no-undef
  219:10   warning  'act1_verify_u' is defined but never used       no-unused-vars
  221:17   warning  'avg_u_a1' is not defined                       no-undef
  222:10   warning  'verify_values' is not defined                  no-undef
  222:49   warning  'avg_u_a1' is not defined                       no-undef
  236:52   warning  'avg_u_a1' is not defined                       no-undef
  258:9    warning  'MathJax' is not defined                        no-undef
  261:10   warning  'act1_verify_Re' is defined but never used      no-unused-vars
  263:17   warning  'Re_a1' is not defined                          no-undef
  264:10   warning  'verify_values' is not defined                  no-undef
  264:50   warning  'Re_a1' is not defined                          no-undef
  278:62   warning  'Re_a1' is not defined                          no-undef
  289:23   warning  'Question_Options' is not defined               no-undef
  292:9    warning  'MathJax' is not defined                        no-undef
  314:9    warning  'MathJax' is not defined                        no-undef
  317:10   warning  'act1_verify_p_diff' is defined but never used  no-unused-vars
  319:17   warning  'P_diff_a1' is not defined                      no-undef
  320:10   warning  'verify_values' is not defined                  no-undef
  320:54   warning  'P_diff_a1' is not defined                      no-undef
  334:69   warning  'P_diff_a1' is not defined                      no-undef
  342:9    warning  'MathJax' is not defined                        no-undef
  345:10   warning  'activity_completed' is defined but never used  no-unused-vars

/home/runner/work/exp-viscous-circular-pipe-iitb/exp-viscous-circular-pipe-iitb/experiment/simulation/js/activity2.js
    2:10   warning  'activity2' is defined but never used           no-unused-vars
    6:20   warning  'get_collapse_btn_text' is not defined          no-undef
    7:5    warning  'maindiv' is not defined                        no-undef
   17:36   warning  'mu_a2' is not defined                          no-undef
   17:134  warning  'D_a2' is not defined                           no-undef
   17:166  warning  'L_a2' is not defined                           no-undef
   20:52   warning  'Q_ls_a2' is not defined                        no-undef
   44:5    warning  'hide_all_steps' is not defined                 no-undef
   46:9    warning  'MathJax' is not defined                        no-undef
   49:9    warning  'show_step' is not defined                      no-undef
   54:5    warning  'D_a2' is not defined                           no-undef
   54:12   warning  'random1' is not defined                        no-undef
   55:5    warning  'L_a2' is not defined                           no-undef
   55:12   warning  'random1' is not defined                        no-undef
   56:5    warning  'Q_ls_a2' is not defined                        no-undef
   56:26   warning  'random' is not defined                         no-undef
   57:5    warning  'D_a2' is not defined                           no-undef
   58:5    warning  'Q_ms_a2' is not defined                        no-undef
   58:15   warning  'Q_ls_a2' is not defined                        no-undef
   59:5    warning  'A_a2' is not defined                           no-undef
   59:37   warning  'D_a2' is not defined                           no-undef
   60:5    warning  'avg_u_a2' is not defined                       no-undef
   60:16   warning  'Q_ms_a2' is not defined                        no-undef
   60:26   warning  'A_a2' is not defined                           no-undef
   61:5    warning  'Re_a2' is not defined                          no-undef
   61:14   warning  'rho' is not defined                            no-undef
   61:20   warning  'avg_u_a2' is not defined                       no-undef
   61:31   warning  'D_a2' is not defined                           no-undef
   61:39   warning  'mu_a2' is not defined                          no-undef
   62:5    warning  'P_diff_a2' is not defined                      no-undef
   62:23   warning  'mu_a2' is not defined                          no-undef
   62:31   warning  'avg_u_a2' is not defined                       no-undef
   62:42   warning  'L_a2' is not defined                           no-undef
   62:59   warning  'D_a2' is not defined                           no-undef
   63:5    warning  'shear_st' is not defined                       no-undef
   63:17   warning  'P_diff_a2' is not defined                      no-undef
   63:29   warning  'L_a2' is not defined                           no-undef
   63:38   warning  'D_a2' is not defined                           no-undef
   64:17   warning  'Re_a2' is not defined                          no-undef
   66:10   warning  'a2_verify_A' is defined but never used         no-unused-vars
   68:17   warning  'A_a2' is not defined                           no-undef
   69:10   warning  'verify_values' is not defined                  no-undef
   69:49   warning  'A_a2' is not defined                           no-undef
   83:51   warning  'A_a2' is not defined                           no-undef
  105:9    warning  'MathJax' is not defined                        no-undef
  108:10   warning  'a2_verify_u_bar' is defined but never used     no-unused-vars
  110:17   warning  'avg_u_a2' is not defined                       no-undef
  111:10   warning  'verify_values' is not defined                  no-undef
  111:53   warning  'avg_u_a2' is not defined                       no-undef
  125:52   warning  'avg_u_a2' is not defined                       no-undef
  147:9    warning  'MathJax' is not defined                        no-undef
  150:10   warning  'a2_verify_Re' is defined but never used        no-unused-vars
  152:17   warning  'Re_a2' is not defined                          no-undef
  153:10   warning  'verify_values' is not defined                  no-undef
  153:50   warning  'Re_a2' is not defined                          no-undef
  167:62   warning  'Re_a2' is not defined                          no-undef
  189:9    warning  'MathJax' is not defined                        no-undef
  192:10   warning  'a2_verify_p_diff' is defined but never used    no-unused-vars
  194:17   warning  'P_diff_a2' is not defined                      no-undef
  195:10   warning  'verify_values' is not defined                  no-undef
  195:54   warning  'P_diff_a2' is not defined                      no-undef
  209:70   warning  'P_diff_a2' is not defined                      no-undef
  219:13   warning  Unnecessary escape character: \τ                no-useless-escape
  242:9    warning  'MathJax' is not defined                        no-undef
  245:10   warning  'a2_verify_shear_st' is defined but never used  no-unused-vars
  247:17   warning  'shear_st' is not defined                       no-undef
  248:10   warning  'verify_values' is not defined                  no-undef
  248:56   warning  'shear_st' is not defined                       no-undef
  262:112  warning  'shear_st' is not defined                       no-undef
  272:9    warning  'MathJax' is not defined                        no-undef

/home/runner/work/exp-viscous-circular-pipe-iitb/exp-viscous-circular-pipe-iitb/experiment/simulation/js/activity3.js
    2:10  warning  'activity3' is defined but never used         no-unused-vars
    6:20  warning  'get_collapse_btn_text' is not defined        no-undef
    7:5   warning  'maindiv' is not defined                      no-undef
   17:68  warning  'D_a3' is not defined                         no-undef
   20:37  warning  'dist' is not defined                         no-undef
   40:5   warning  'hide_all_steps' is not defined               no-undef
   42:9   warning  'MathJax' is not defined                      no-undef
   45:9   warning  'show_step' is not defined                    no-undef
   50:5   warning  'D_a3' is not defined                         no-undef
   50:12  warning  'random1' is not defined                      no-undef
   51:5   warning  'dist' is not defined                         no-undef
   51:12  warning  'random1' is not defined                      no-undef
   52:5   warning  'D_a3' is not defined                         no-undef
   53:5   warning  'avg_u_a3' is not defined                     no-undef
   53:16  warning  'U_max' is not defined                        no-undef
   54:5   warning  'r_a3' is not defined                         no-undef
   54:27  warning  'avg_u_a3' is not defined                     no-undef
   54:38  warning  'U_max' is not defined                        no-undef
   54:57  warning  'D_a3' is not defined                         no-undef
   55:5   warning  'u_dist' is not defined                       no-undef
   55:14  warning  'U_max' is not defined                        no-undef
   55:37  warning  'r_a3' is not defined                         no-undef
   55:45  warning  'D_a3' is not defined                         no-undef
   57:10  warning  'a3_verify_u_bar' is defined but never used   no-unused-vars
   59:17  warning  'avg_u_a3' is not defined                     no-undef
   60:10  warning  'verify_values' is not defined                no-undef
   60:53  warning  'avg_u_a3' is not defined                     no-undef
   74:60  warning  'avg_u_a3' is not defined                     no-undef
   84:42  warning  Unnecessary escape character: \∂              no-useless-escape
   84:47  warning  Unnecessary escape character: \∂              no-useless-escape
   87:13  warning  Unnecessary escape character: \∴              no-useless-escape
   87:58  warning  Unnecessary escape character: \∂              no-useless-escape
   87:63  warning  Unnecessary escape character: \∂              no-useless-escape
   90:13  warning  Unnecessary escape character: \∵              no-useless-escape
   90:57  warning  Unnecessary escape character: \∂              no-useless-escape
   90:62  warning  Unnecessary escape character: \∂              no-useless-escape
  111:9   warning  'MathJax' is not defined                      no-undef
  114:10  warning  'a3_verify_r' is defined but never used       no-unused-vars
  116:17  warning  'r_a3' is not defined                         no-undef
  117:10  warning  'verify_values' is not defined                no-undef
  117:49  warning  'r_a3' is not defined                         no-undef
  131:27  warning  'r_a3' is not defined                         no-undef
  137:24  warning  'dist' is not defined                         no-undef
  141:30  warning  'dist' is not defined                         no-undef
  141:58  warning  'r_a3' is not defined                         no-undef
  161:9   warning  'MathJax' is not defined                      no-undef
  164:10  warning  'a3_verify_u_dist' is defined but never used  no-unused-vars
  166:17  warning  'u_dist' is not defined                       no-undef
  167:10  warning  'verify_values' is not defined                no-undef
  167:54  warning  'u_dist' is not defined                       no-undef
  182:85  warning  'u_dist' is not defined                       no-undef
  192:9   warning  'MathJax' is not defined                      no-undef

/home/runner/work/exp-viscous-circular-pipe-iitb/exp-viscous-circular-pipe-iitb/experiment/simulation/js/data.js
   1:5  warning  'rho' is assigned a value but never used              no-unused-vars
   3:5  warning  'mu_a1' is assigned a value but never used            no-unused-vars
   4:5  warning  'D_a1' is assigned a value but never used             no-unused-vars
   5:5  warning  'L_a1' is assigned a value but never used             no-unused-vars
   6:5  warning  'M_a1' is assigned a value but never used             no-unused-vars
   7:5  warning  't_a1' is assigned a value but never used             no-unused-vars
   8:5  warning  'm_a1' is defined but never used                      no-unused-vars
   9:5  warning  'Q_a1' is defined but never used                      no-unused-vars
  10:5  warning  'A_a1' is defined but never used                      no-unused-vars
  11:5  warning  'avg_u_a1' is defined but never used                  no-unused-vars
  12:5  warning  'Re_a1' is defined but never used                     no-unused-vars
  13:5  warning  'laminar_flow_a1' is assigned a value but never used  no-unused-vars
  14:5  warning  'P_diff_a1' is defined but never used                 no-unused-vars
  16:5  warning  'mu_a2' is assigned a value but never used            no-unused-vars
  17:5  warning  'D_a2' is assigned a value but never used             no-unused-vars
  18:5  warning  'L_a2' is assigned a value but never used             no-unused-vars
  19:5  warning  'Q_ls_a2' is assigned a value but never used          no-unused-vars
  20:5  warning  'Q_ms_a2' is defined but never used                   no-unused-vars
  21:5  warning  'A_a2' is defined but never used                      no-unused-vars
  22:5  warning  'avg_u_a2' is defined but never used                  no-unused-vars
  23:5  warning  'Re_a2' is defined but never used                     no-unused-vars
  24:5  warning  'P_diff_a2' is defined but never used                 no-unused-vars
  25:5  warning  'shear_st' is defined but never used                  no-unused-vars
  27:5  warning  'D_a3' is assigned a value but never used             no-unused-vars
  28:5  warning  'U_max' is assigned a value but never used            no-unused-vars
  29:5  warning  'dist' is assigned a value but never used             no-unused-vars
  30:5  warning  'avg_u_a3' is defined but never used                  no-unused-vars
  31:5  warning  'r_a3' is defined but never used                      no-unused-vars
  32:5  warning  'u_dist' is defined but never used                    no-unused-vars

/home/runner/work/exp-viscous-circular-pipe-iitb/exp-viscous-circular-pipe-iitb/experiment/simulation/js/screen_size.js
  1:10  warning  'set_screen_size' is defined but never used  no-unused-vars

✖ 292 problems (0 errors, 292 warnings)

